#
# There is insufficient memory for the Java Runtime Environment to continue.
# Native memory allocation (malloc) failed to allocate 32744 bytes for ChunkPool::allocate
# Possible reasons:
#   The system is out of physical RAM or swap space
#   The process is running with CompressedOops enabled, and the Java Heap may be blocking the growth of the native heap
# Possible solutions:
#   Reduce memory load on the system
#   Increase physical memory or swap space
#   Check if swap backing store is full
#   Decrease Java heap size (-Xmx/-Xms)
#   Decrease number of Java threads
#   Decrease Java thread stack sizes (-Xss)
#   Set larger code cache with -XX:ReservedCodeCacheSize=
#   JVM is running with Unscaled Compressed Oops mode in which the Java heap is
#     placed in the first 4GB address space. The Java Heap base address is the
#     maximum limit for the native heap growth. Please use -XX:HeapBaseMinAddress
#     to set the Java Heap base and to place the Java Heap above 4GB virtual address.
# This output file may be truncated or incomplete.
#
#  Out of Memory Error (allocation.cpp:272), pid=7276, tid=0x0000000000000cec
#
# JRE version: OpenJDK Runtime Environment (8.0_242-b01) (build 1.8.0_242-release-1644-b01)
# Java VM: OpenJDK 64-Bit Server VM (25.242-b01 mixed mode windows-amd64 compressed oops)
# Failed to write core dump. Minidumps are not enabled by default on client versions of Windows
#

---------------  T H R E A D  ---------------

Current thread (0x000000001718a000):  JavaThread "C1 CompilerThread2" daemon [_thread_in_native, id=3308, stack(0x00000000189f0000,0x0000000018af0000)]

Stack: [0x00000000189f0000,0x0000000018af0000]
[error occurred during error reporting (printing stack bounds), id 0xc0000005]

Native frames: (J=compiled Java code, j=interpreted, Vv=VM code, C=native code)


Current CompileTask:
C1:  40957  640       3       jdk.internal.org.objectweb.asm.Frame::execute (2252 bytes)


---------------  P R O C E S S  ---------------

Java Threads: ( => current thread )
  0x0000000018d35800 JavaThread "pool-1-thread-1" [_thread_blocked, id=12704, stack(0x00000000198f0000,0x00000000199f0000)]
  0x0000000018b20800 JavaThread "Service Thread" daemon [_thread_blocked, id=2384, stack(0x0000000018ef0000,0x0000000018ff0000)]
=>0x000000001718a000 JavaThread "C1 CompilerThread2" daemon [_thread_in_native, id=3308, stack(0x00000000189f0000,0x0000000018af0000)]
  0x0000000017183000 JavaThread "C2 CompilerThread1" daemon [_thread_blocked, id=12016, stack(0x00000000188f0000,0x00000000189f0000)]
  0x000000001717a000 JavaThread "C2 CompilerThread0" daemon [_thread_blocked, id=10916, stack(0x00000000187f0000,0x00000000188f0000)]
  0x0000000017178000 JavaThread "Attach Listener" daemon [_thread_blocked, id=13056, stack(0x00000000186f0000,0x00000000187f0000)]
  0x000000001717f000 JavaThread "Signal Dispatcher" daemon [_thread_blocked, id=10536, stack(0x00000000185f0000,0x00000000186f0000)]
  0x00000000025fe800 JavaThread "Finalizer" daemon [_thread_blocked, id=6212, stack(0x00000000183f0000,0x00000000184f0000)]
  0x0000000017159000 JavaThread "Reference Handler" daemon [_thread_blocked, id=6904, stack(0x00000000182f0000,0x00000000183f0000)]
  0x0000000002503800 JavaThread "main" [_thread_in_native, id=1472, stack(0x00000000023a0000,0x00000000024a0000)]

Other Threads:
  0x0000000017137800 VMThread [stack: 0x00000000181f0000,0x00000000182f0000] [id=12152]
  0x00000000171cc000 WatcherThread [stack: 0x0000000018ff0000,0x00000000190f0000] [id=564]

VM state:not at safepoint (normal execution)

VM Mutex/Monitor currently owned by a thread: None

heap address: 0x0000000081400000, size: 2028 MB, Compressed Oops mode: 32-bit
Narrow klass base: 0x0000000000000000, Narrow klass shift: 3
Compressed class space size: 1073741824 Address: 0x0000000100000000

Heap:
 PSYoungGen      total 38400K, used 30655K [0x00000000d5c00000, 0x00000000d8680000, 0x0000000100000000)
  eden space 33280K, 92% used [0x00000000d5c00000,0x00000000d79efc18,0x00000000d7c80000)
  from space 5120K, 0% used [0x00000000d8180000,0x00000000d8180000,0x00000000d8680000)
  to   space 5120K, 0% used [0x00000000d7c80000,0x00000000d7c80000,0x00000000d8180000)
 ParOldGen       total 87552K, used 0K [0x0000000081400000, 0x0000000086980000, 0x00000000d5c00000)
  object space 87552K, 0% used [0x0000000081400000,0x0000000081400000,0x0000000086980000)
 Metaspace       used 8171K, capacity 8368K, committed 8576K, reserved 1058816K
  class space    used 1053K, capacity 1112K, committed 1152K, reserved 1048576K

Card table byte_map: [0x00000000119c0000,0x0000000011dc0000] byte_map_base: 0x00000000115b6000

Marking Bits: (ParMarkBitMap*) 0x000000006794f030
 Begin Bits: [0x0000000012470000, 0x0000000014420000)
 End Bits:   [0x0000000014420000, 0x00000000163d0000)

Polling page: 0x00000000005e0000

CodeCache: size=245760Kb used=2651Kb max_used=2651Kb free=243108Kb
 bounds [0x0000000002600000, 0x00000000028a0000, 0x0000000011600000]
 total_blobs=956 nmethods=639 adapters=231
 compilation: enabled

Compilation events (10 events):
Event: 40.259 Thread 0x000000001718a000 nmethod 635 0x0000000002896810 code [0x0000000002896960, 0x0000000002896ad0]
Event: 40.259 Thread 0x000000001718a000  634       1       java.util.concurrent.locks.AbstractOwnableSynchronizer::getExclusiveOwnerThread (5 bytes)
Event: 40.259 Thread 0x000000001718a000 nmethod 634 0x0000000002896b50 code [0x0000000002896ca0, 0x0000000002896db0]
Event: 40.940 Thread 0x000000001718a000  636       3       java.lang.StringBuffer::<init> (7 bytes)
Event: 40.940 Thread 0x000000001718a000 nmethod 636 0x0000000002896e10 code [0x0000000002896f80, 0x0000000002897230]
Event: 40.941 Thread 0x000000001718a000  637       3       jdk.internal.org.objectweb.asm.ByteVector::put12 (64 bytes)
Event: 40.941 Thread 0x000000001718a000 nmethod 637 0x0000000002897350 code [0x00000000028974c0, 0x0000000002897748]
Event: 40.941 Thread 0x000000001718a000  638       3       java.lang.invoke.MemberName::testAllFlags (7 bytes)
Event: 40.941 Thread 0x000000001718a000 nmethod 638 0x0000000002897a50 code [0x0000000002897bc0, 0x0000000002897dd0]
Event: 40.941 Thread 0x000000001718a000  640       3       jdk.internal.org.objectweb.asm.Frame::execute (2252 bytes)

GC Heap History (0 events):
No events

Deoptimization events (7 events):
Event: 36.557 Thread 0x0000000002503800 Uncommon trap: reason=unstable_if action=reinterpret pc=0x0000000002799280 method=java.util.regex.Matcher.reset()Ljava/util/regex/Matcher; @ 47
Event: 36.557 Thread 0x0000000002503800 Uncommon trap: reason=class_check action=maybe_recompile pc=0x000000000279d38c method=java.util.regex.Matcher.match(II)Z @ 86
Event: 36.557 Thread 0x0000000002503800 Uncommon trap: reason=class_check action=maybe_recompile pc=0x000000000279d38c method=java.util.regex.Matcher.match(II)Z @ 86
Event: 36.558 Thread 0x0000000002503800 Uncommon trap: reason=class_check action=maybe_recompile pc=0x000000000279d38c method=java.util.regex.Matcher.match(II)Z @ 86
Event: 36.558 Thread 0x0000000002503800 Uncommon trap: reason=class_check action=maybe_recompile pc=0x000000000279d38c method=java.util.regex.Matcher.match(II)Z @ 86
Event: 38.860 Thread 0x0000000002503800 Uncommon trap: reason=unstable_if action=reinterpret pc=0x000000000287f8ac method=java.util.HashMap.hash(Ljava/lang/Object;)I @ 1
Event: 38.860 Thread 0x0000000002503800 Uncommon trap: reason=unstable_if action=reinterpret pc=0x0000000002884568 method=java.util.HashMap.hash(Ljava/lang/Object;)I @ 1

Classes redefined (0 events):
No events

Internal exceptions (10 events):
Event: 37.696 Thread 0x0000000002503800 Exception <a 'java/lang/ArrayIndexOutOfBoundsException'> (0x00000000d744e4e8) thrown at [C:\src\AOSP-openjdk-git\hotspot\src\share\vm\runtime\sharedRuntime.cpp, line 605]
Event: 38.860 Thread 0x0000000002503800 Implicit null exception at 0x000000000287f695 to 0x000000000287f89d
Event: 38.860 Thread 0x0000000002503800 Implicit null exception at 0x00000000028844ef to 0x0000000002884559
Event: 38.956 Thread 0x0000000002503800 Exception <a 'java/lang/ArrayIndexOutOfBoundsException'> (0x00000000d77e9eb8) thrown at [C:\src\AOSP-openjdk-git\hotspot\src\share\vm\runtime\sharedRuntime.cpp, line 605]
Event: 38.956 Thread 0x0000000002503800 Exception <a 'java/lang/ArrayIndexOutOfBoundsException'> (0x00000000d77ee2a8) thrown at [C:\src\AOSP-openjdk-git\hotspot\src\share\vm\runtime\sharedRuntime.cpp, line 605]
Event: 38.961 Thread 0x0000000002503800 Exception <a 'java/lang/ArrayIndexOutOfBoundsException'> (0x00000000d7851818) thrown at [C:\src\AOSP-openjdk-git\hotspot\src\share\vm\runtime\sharedRuntime.cpp, line 605]
Event: 38.962 Thread 0x0000000002503800 Exception <a 'java/lang/ArrayIndexOutOfBoundsException'> (0x00000000d78528f0) thrown at [C:\src\AOSP-openjdk-git\hotspot\src\share\vm\runtime\sharedRuntime.cpp, line 605]
Event: 38.962 Thread 0x0000000002503800 Exception <a 'java/lang/ArrayIndexOutOfBoundsException'> (0x00000000d7854f18) thrown at [C:\src\AOSP-openjdk-git\hotspot\src\share\vm\runtime\sharedRuntime.cpp, line 605]
Event: 38.962 Thread 0x0000000002503800 Exception <a 'java/lang/ArrayIndexOutOfBoundsException'> (0x00000000d7856a98) thrown at [C:\src\AOSP-openjdk-git\hotspot\src\share\vm\runtime\sharedRuntime.cpp, line 605]
Event: 38.962 Thread 0x0000000002503800 Exception <a 'java/lang/ArrayIndexOutOfBoundsException'> (0x00000000d785a218) thrown at [C:\src\AOSP-openjdk-git\hotspot\src\share\vm\runtime\sharedRuntime.cpp, line 605]

Events (10 events):
Event: 40.919 loading class java/lang/invoke/BoundMethodHandle$SpeciesData$1 done
Event: 40.919 loading class java/lang/invoke/BoundMethodHandle$Factory$1
Event: 40.919 loading class java/lang/invoke/BoundMethodHandle$Factory$1 done
Event: 40.919 loading class java/util/concurrent/ConcurrentHashMap$ReservationNode
Event: 40.919 loading class java/util/concurrent/ConcurrentHashMap$ReservationNode done
Event: 40.919 loading class jdk/internal/org/objectweb/asm/FieldWriter
Event: 40.940 loading class jdk/internal/org/objectweb/asm/FieldVisitor
Event: 40.940 loading class jdk/internal/org/objectweb/asm/FieldVisitor done
Event: 40.940 loading class jdk/internal/org/objectweb/asm/FieldWriter done
Event: 40.941 loading class sun/reflect/UnsafeStaticObjectFieldAccessorImpl


Dynamic libraries:
0x00007ff7339b0000 - 0x00007ff7339e1000 	C:\Program Files\Android\Android Studio\jre\bin\java.exe
0x00007fff60c80000 - 0x00007fff60e70000 	C:\WINDOWS\SYSTEM32\ntdll.dll
0x00007fff60b80000 - 0x00007fff60c32000 	C:\WINDOWS\System32\KERNEL32.DLL
0x00007fff5dcc0000 - 0x00007fff5df63000 	C:\WINDOWS\System32\KERNELBASE.dll
0x00007fff5af30000 - 0x00007fff5afbf000 	C:\WINDOWS\SYSTEM32\apphelp.dll
0x00007fff60660000 - 0x00007fff60703000 	C:\WINDOWS\System32\ADVAPI32.dll
0x00007fff60710000 - 0x00007fff607ae000 	C:\WINDOWS\System32\msvcrt.dll
0x00007fff60ae0000 - 0x00007fff60b77000 	C:\WINDOWS\System32\sechost.dll
0x00007fff5f930000 - 0x00007fff5fa50000 	C:\WINDOWS\System32\RPCRT4.dll
0x00007fff607b0000 - 0x00007fff60944000 	C:\WINDOWS\System32\USER32.dll
0x00007fff5ec10000 - 0x00007fff5ec31000 	C:\WINDOWS\System32\win32u.dll
0x00007fff5fa60000 - 0x00007fff5fa86000 	C:\WINDOWS\System32\GDI32.dll
0x00007fff5e190000 - 0x00007fff5e324000 	C:\WINDOWS\System32\gdi32full.dll
0x00007fff5e0f0000 - 0x00007fff5e18e000 	C:\WINDOWS\System32\msvcp_win.dll
0x00007fff5e330000 - 0x00007fff5e42a000 	C:\WINDOWS\System32\ucrtbase.dll
0x00007fff4d090000 - 0x00007fff4d315000 	C:\WINDOWS\WinSxS\amd64_microsoft.windows.common-controls_6595b64144ccf1df_6.0.18362.476_none_e6c4b11b130f2595\COMCTL32.dll
0x00007fff5f320000 - 0x00007fff5f656000 	C:\WINDOWS\System32\combase.dll
0x00007fff5ecb0000 - 0x00007fff5ed30000 	C:\WINDOWS\System32\bcryptPrimitives.dll
0x00007fff5fe90000 - 0x00007fff5febe000 	C:\WINDOWS\System32\IMM32.DLL
0x0000000068840000 - 0x0000000068912000 	C:\Program Files\Android\Android Studio\jre\jre\bin\msvcr100.dll
0x0000000067180000 - 0x00000000679cb000 	C:\Program Files\Android\Android Studio\jre\jre\bin\server\jvm.dll
0x00007fff5fbe0000 - 0x00007fff5fbe8000 	C:\WINDOWS\System32\PSAPI.DLL
0x00007fff5b270000 - 0x00007fff5b294000 	C:\WINDOWS\SYSTEM32\WINMM.dll
0x00007fff55e90000 - 0x00007fff55e9a000 	C:\WINDOWS\SYSTEM32\VERSION.dll
0x00007fff5c9b0000 - 0x00007fff5c9b9000 	C:\WINDOWS\SYSTEM32\WSOCK32.dll
0x00007fff5fbf0000 - 0x00007fff5fc5f000 	C:\WINDOWS\System32\WS2_32.dll
0x00007fff5b170000 - 0x00007fff5b19d000 	C:\WINDOWS\SYSTEM32\winmmbase.dll
0x00007fff5ec60000 - 0x00007fff5ecaa000 	C:\WINDOWS\System32\cfgmgr32.dll
0x00007fff59740000 - 0x00007fff5974f000 	C:\Program Files\Android\Android Studio\jre\jre\bin\verify.dll
0x00007fff4ddb0000 - 0x00007fff4ddd9000 	C:\Program Files\Android\Android Studio\jre\jre\bin\java.dll
0x00007fff58c20000 - 0x00007fff58c36000 	C:\Program Files\Android\Android Studio\jre\jre\bin\zip.dll
0x00007fff5fec0000 - 0x00007fff605a5000 	C:\WINDOWS\System32\SHELL32.dll
0x00007fff5f6e0000 - 0x00007fff5f789000 	C:\WINDOWS\System32\shcore.dll
0x00007fff5e430000 - 0x00007fff5ebae000 	C:\WINDOWS\System32\windows.storage.dll
0x00007fff5dbb0000 - 0x00007fff5dbcf000 	C:\WINDOWS\System32\profapi.dll
0x00007fff5db60000 - 0x00007fff5dbaa000 	C:\WINDOWS\System32\powrprof.dll
0x00007fff5db50000 - 0x00007fff5db60000 	C:\WINDOWS\System32\UMPDC.dll
0x00007fff5f790000 - 0x00007fff5f7e2000 	C:\WINDOWS\System32\shlwapi.dll
0x00007fff5dbd0000 - 0x00007fff5dbe1000 	C:\WINDOWS\System32\kernel.appcore.dll
0x00007fff5ec40000 - 0x00007fff5ec57000 	C:\WINDOWS\System32\cryptsp.dll
0x00007fff58820000 - 0x00007fff5883a000 	C:\Program Files\Android\Android Studio\jre\jre\bin\net.dll
0x00007fff5d3c0000 - 0x00007fff5d427000 	C:\WINDOWS\system32\mswsock.dll
0x00007fff4dd90000 - 0x00007fff4dda3000 	C:\Program Files\Android\Android Studio\jre\jre\bin\nio.dll
0x00007fff53640000 - 0x00007fff53666000 	C:\Users\sumit patil\.gradle\native\30\windows-amd64\native-platform.dll
0x00007fff58640000 - 0x00007fff5864d000 	C:\Program Files\Android\Android Studio\jre\jre\bin\management.dll

VM Arguments:
jvm_args: -Dorg.gradle.appname=gradlew 
java_command: org.gradle.wrapper.GradleWrapperMain -q -Ptarget-platform=android-arm64 -Ptarget=D:\amartya\commitment\lib\main.dart -Ptrack-widget-creation=true -Pfilesystem-scheme=org-dartlang-root assembleDebug
java_class_path (initial): D:\amartya\commitment\android\\gradle\wrapper\gradle-wrapper.jar
Launcher Type: SUN_STANDARD

Environment Variables:
JAVA_HOME=C:\Program Files\Android\Android Studio\jre
CLASSPATH=D:\amartya\commitment\android\\gradle\wrapper\gradle-wrapper.jar
PATH=C:\Program Files (x86)\Common Files\Oracle\Java\javapath;C:\Program Files (x86)\NVIDIA Corporation\PhysX\Common;C:\WINDOWS\system32;C:\WINDOWS;C:\WINDOWS\System32\Wbem;C:\WINDOWS\System32\WindowsPowerShell\v1.0\;C:\Program Files\Microsoft SQL Server\Client SDK\ODBC\110\Tools\Binn\;C:\Program Files (x86)\Microsoft SQL Server\120\Tools\Binn\;C:\Program Files\Microsoft SQL Server\120\Tools\Binn\;C:\Program Files\Microsoft SQL Server\120\DTS\Binn\;C:\WINDOWS\System32\OpenSSH\;C:\Program Files\dotnet\;C:\Program Files\Microsoft SQL Server\130\Tools\Binn\;C:\Program Files\Microsoft SQL Server\Client SDK\ODBC\170\Tools\Binn\;C:\Program Files\Java\jdk1.8.0_172\bin;C:\src\flutter\bin;C:\Users\sumit patil\AppData\Local\Programs\Python\Python38-32\Scripts\;C:\Users\sumit patil\AppData\Local\Programs\Python\Python38-32\;C:\Users\sumit patil\AppData\Local\Microsoft\WindowsApps;;D:\amartya\PyCharm Community Edition 2020.1.2\bin;;C:\Users\sumit patil\AppData\Local\Programs\Microsoft VS Code\bin;C:\src\flutter\bin\mingit\cmd
USERNAME=sumit patil
OS=Windows_NT
PROCESSOR_IDENTIFIER=Intel64 Family 6 Model 61 Stepping 4, GenuineIntel



---------------  S Y S T E M  ---------------

OS: Windows 10.0 , 64 bit Build 18362 (10.0.18362.329)

CPU:total 4 (initial active 4) (2 cores per cpu, 2 threads per core) family 6 model 61 stepping 4, cmov, cx8, fxsr, mmx, sse, sse2, sse3, ssse3, sse4.1, sse4.2, popcnt, avx, avx2, aes, clmul, erms, 3dnowpref, lzcnt, ht, tsc, tscinvbit, bmi1, bmi2, adx

Memory: 4k page, physical 8301964k(1105772k free), swap 16493964k(2388k free)

vm_info: OpenJDK 64-Bit Server VM (25.242-b01) for windows-amd64 JRE (1.8.0_242-release-1644-b01), built by "builder" with MS VC++ 10.0 (VS2010)

time: Sun Jun 21 20:53:33 2020
timezone: India Standard Time
elapsed time: 40 seconds (0d 0h 0m 40s)

